Flow report for SG_PnR_proj
Wed Apr 24 12:25:11 2013
Quartus II 64-Bit Version 12.0 Build 263 08/02/2012 Service Pack 2 SJ Full Version


---------------------
; Table of Contents ;
---------------------
  1. Legal Notice
  2. Flow Summary
  3. Flow Settings
  4. Flow Non-Default Global Settings
  5. Flow Elapsed Time
  6. Flow OS Summary
  7. Flow Log



----------------
; Legal Notice ;
----------------
Copyright (C) 1991-2012 Altera Corporation
Your use of Altera Corporation's design tools, logic functions 
and other software and tools, and its AMPP partner logic 
functions, and any output files from any of the foregoing 
(including device programming or simulation files), and any 
associated documentation or information are expressly subject 
to the terms and conditions of the Altera Program License 
Subscription Agreement, Altera MegaCore Function License 
Agreement, or other applicable license agreement, including, 
without limitation, that your use is for the sole purpose of 
programming logic devices manufactured by Altera and sold by 
Altera or its authorized distributors.  Please refer to the 
applicable agreement for further details.



+-------------------------------------------------------------------------------------+
; Flow Summary                                                                        ;
+------------------------------------+------------------------------------------------+
; Flow Status                        ; Successful - Wed Apr 24 12:25:07 2013          ;
; Quartus II 64-Bit Version          ; 12.0 Build 263 08/02/2012 SP 2 SJ Full Version ;
; Revision Name                      ; SG_PnR_proj                                    ;
; Top-level Entity Name              ; top_synthesis                                  ;
; Family                             ; Cyclone II                                     ;
; Device                             ; EP2C35F672C6                                   ;
; Timing Models                      ; Final                                          ;
; Total logic elements               ; 4,321 / 33,216 ( 13 % )                        ;
;     Total combinational functions  ; 3,656 / 33,216 ( 11 % )                        ;
;     Dedicated logic registers      ; 2,409 / 33,216 ( 7 % )                         ;
; Total registers                    ; 2428                                           ;
; Total pins                         ; 142 / 475 ( 30 % )                             ;
; Total virtual pins                 ; 0                                              ;
; Total memory bits                  ; 121,716 / 483,840 ( 25 % )                     ;
; Embedded Multiplier 9-bit elements ; 0 / 70 ( 0 % )                                 ;
; Total PLLs                         ; 1 / 4 ( 25 % )                                 ;
+------------------------------------+------------------------------------------------+


+-----------------------------------------+
; Flow Settings                           ;
+-------------------+---------------------+
; Option            ; Setting             ;
+-------------------+---------------------+
; Start date & time ; 04/24/2013 12:23:53 ;
; Main task         ; Compilation         ;
; Revision Name     ; SG_PnR_proj         ;
+-------------------+---------------------+


+--------------------------------------------------------------------------------------------------------------------------+
; Flow Non-Default Global Settings                                                                                         ;
+-------------------------------------+---------------------------------------+---------------+---------------+------------+
; Assignment Name                     ; Value                                 ; Default Value ; Entity Name   ; Section Id ;
+-------------------------------------+---------------------------------------+---------------+---------------+------------+
; COMPILER_SIGNATURE_ID               ; 268749056344499.136679543203248       ; --            ; --            ; --         ;
; ENABLE_SIGNALTAP                    ; Off                                   ; --            ; --            ; --         ;
; MAX_CORE_JUNCTION_TEMP              ; 85                                    ; --            ; --            ; --         ;
; MIN_CORE_JUNCTION_TEMP              ; 0                                     ; --            ; --            ; --         ;
; PARTITION_COLOR                     ; 16764057                              ; --            ; top_synthesis ; Top        ;
; PARTITION_FITTER_PRESERVATION_LEVEL ; PLACEMENT_AND_ROUTING                 ; --            ; top_synthesis ; Top        ;
; PARTITION_NETLIST_TYPE              ; SOURCE                                ; --            ; top_synthesis ; Top        ;
; POWER_BOARD_THERMAL_MODEL           ; None (CONSERVATIVE)                   ; --            ; --            ; --         ;
; POWER_PRESET_COOLING_SOLUTION       ; 23 MM HEAT SINK WITH 200 LFPM AIRFLOW ; --            ; --            ; --         ;
; TOP_LEVEL_ENTITY                    ; top_synthesis                         ; SG_PnR_proj   ; --            ; --         ;
; USE_SIGNALTAP_FILE                  ; serial_in_out_video.stp               ; --            ; --            ; --         ;
+-------------------------------------+---------------------------------------+---------------+---------------+------------+


+-------------------------------------------------------------------------------------------------------------------------------+
; Flow Elapsed Time                                                                                                             ;
+---------------------------+--------------+-------------------------+---------------------+------------------------------------+
; Module Name               ; Elapsed Time ; Average Processors Used ; Peak Virtual Memory ; Total CPU Time (on all processors) ;
+---------------------------+--------------+-------------------------+---------------------+------------------------------------+
; Analysis & Synthesis      ; 00:00:27     ; 1.0                     ; 517 MB              ; 00:00:18                           ;
; Fitter                    ; 00:00:31     ; 2.2                     ; 652 MB              ; 00:00:41                           ;
; Assembler                 ; 00:00:05     ; 1.0                     ; 424 MB              ; 00:00:02                           ;
; TimeQuest Timing Analyzer ; 00:00:10     ; 1.0                     ; 463 MB              ; 00:00:04                           ;
; Total                     ; 00:01:13     ; --                      ; --                  ; 00:01:05                           ;
+---------------------------+--------------+-------------------------+---------------------+------------------------------------+


+----------------------------------------------------------------------------------------+
; Flow OS Summary                                                                        ;
+---------------------------+------------------+-----------+------------+----------------+
; Module Name               ; Machine Hostname ; OS Name   ; OS Version ; Processor type ;
+---------------------------+------------------+-----------+------------+----------------+
; Analysis & Synthesis      ; DIGLAB352-1-07   ; Windows 7 ; 6.1        ; x86_64         ;
; Fitter                    ; DIGLAB352-1-07   ; Windows 7 ; 6.1        ; x86_64         ;
; Assembler                 ; DIGLAB352-1-07   ; Windows 7 ; 6.1        ; x86_64         ;
; TimeQuest Timing Analyzer ; DIGLAB352-1-07   ; Windows 7 ; 6.1        ; x86_64         ;
+---------------------------+------------------+-----------+------------+----------------+


------------
; Flow Log ;
------------
quartus_map --read_settings_files=on --write_settings_files=off SG_PnR_proj -c SG_PnR_proj
quartus_fit --read_settings_files=off --write_settings_files=off SG_PnR_proj -c SG_PnR_proj
quartus_asm --read_settings_files=off --write_settings_files=off SG_PnR_proj -c SG_PnR_proj
quartus_sta SG_PnR_proj -c SG_PnR_proj



