Synopsys VHDL Compiler, version comp510rc, Build 073R, built May 14 2010
@N|Running in 32-bit mode
Copyright (C) 1994-2010, Synopsys Inc.  All Rights Reserved

@N: CD720 :"C:\Synopsys\fpga_D201003SP1\lib\vhd\std.vhd":123:18:123:21|Setting time resolution to ns
@I:: "H:\Project\SG_Project\VHDL\altera_mf.vhd"
@W: CD643 :"H:\Project\SG_Project\VHDL\altera_mf.vhd":45105:33:45105:33|Ignoring use clause - altera_mf_components not found ...
@E: CD255 :"H:\Project\SG_Project\VHDL\altera_mf.vhd":45128:55:45128:55|No identifier "altera_mf_logic_2d" in scope
@E: CD255 :"H:\Project\SG_Project\VHDL\altera_mf.vhd":45349:17:45349:17|No identifier "data" in scope
@W: CD643 :"H:\Project\SG_Project\VHDL\altera_mf.vhd":49207:25:49207:25|Ignoring use clause - vital_timing not found ...
@W: CD643 :"H:\Project\SG_Project\VHDL\altera_mf.vhd":49208:29:49208:29|Ignoring use clause - vital_primitives not found ...
@W: CD643 :"H:\Project\SG_Project\VHDL\altera_mf.vhd":53832:33:53832:33|Ignoring use clause - altera_mf_components not found ...
@E: CD255 :"H:\Project\SG_Project\VHDL\altera_mf.vhd":53883:58:53883:58|No identifier "sld_ir_bits" in scope
@W: CD643 :"H:\Project\SG_Project\VHDL\altera_mf.vhd":53918:33:53918:33|Ignoring use clause - altera_mf_components not found ...
@W: CD643 :"H:\Project\SG_Project\VHDL\altera_mf.vhd":53939:33:53939:33|Ignoring use clause - altera_mf_components not found ...
@W: CD643 :"H:\Project\SG_Project\VHDL\altera_mf.vhd":53999:33:53999:33|Ignoring use clause - altera_mf_components not found ...
@W: CD643 :"H:\Project\SG_Project\VHDL\altera_mf.vhd":54025:33:54025:33|Ignoring use clause - altera_mf_components not found ...
3 errors parsing file H:\Project\SG_Project\VHDL\altera_mf.vhd
@END
@E|Parse errors encountered - exiting
Process took 0h:00m:01s realtime, 0h:00m:01s cputime
# Wed Mar 27 17:42:38 2013

###########################################################]
