#
# An unexpected error has been detected by Java Runtime Environment:
#
#  EXCEPTION_ACCESS_VIOLATION (0xc0000005) at pc=0x77e9f6e2, pid=3072, tid=3000
#
# Java VM: Java HotSpot(TM) Client VM (10.0-b19 mixed mode windows-x86)
# Problematic frame:
# C  [RPCRT4.dll+0x2f6e2]
#
# If you would like to submit a bug report, please visit:
#   http://java.sun.com/webapps/bugreport/crash.jsp
# The crash happened outside the Java Virtual Machine in native code.
# See problematic frame for where to report the bug.
#

---------------  T H R E A D  ---------------

Current thread (0x060ac800):  JavaThread "main" [_thread_in_native, id=3000, stack(0x00430000,0x00c30000)]

siginfo: ExceptionCode=0xc0000005, reading address 0xec06d74f

Registers:
EAX=0xec06d74f, EBX=0x76f23390, ECX=0x000a3b88, EDX=0xa8440000
ESP=0x00c28ef4, EBP=0x00c28ef8, ESI=0x000a3b88, EDI=0x76f23380
EIP=0x77e9f6e2, EFLAGS=0x00010282

Top of Stack: (sp=0x00c28ef4)
0x00c28ef4:   000a3b88 00c28f0c 77e9f6ca ec06d74f
0x00c28f04:   77e7eb21 77e9f7c0 00c28f24 77e7e8ed
0x00c28f14:   000a3b88 76f23380 77e7eb21 00000000
0x00c28f24:   00c28f48 76f2335d 000b0c68 00c28f40
0x00c28f34:   00000000 00000008 00c290f8 00000000
0x00c28f44:   000b0c68 00c28f6c 77e7ec3a 00000000
0x00c28f54:   76f22ea8 00c29390 00000001 00000000
0x00c28f64:   00000000 76f23315 00c28f88 77e7ec67 

Instructions: (pc=0x77e9f6e2)
0x77e9f6d2:   90 90 90 8b ff 55 8b ec 8b 45 08 85 c0 74 10 56
0x77e9f6e2:   8b 30 50 e8 10 00 00 00 85 f6 8b c6 75 f2 5e 5d 


Stack: [0x00430000,0x00c30000],  sp=0x00c28ef4,  free space=8163k
Native frames: (J=compiled Java code, j=interpreted, Vv=VM code, C=native code)
C  [RPCRT4.dll+0x2f6e2]
C  [RPCRT4.dll+0x2f6ca]
C  [RPCRT4.dll+0xe8ed]
C  [DNSAPI.dll+0x335d]
C  [RPCRT4.dll+0xec3a]
C  [RPCRT4.dll+0xec67]
C  [RPCRT4.dll+0x8558d]
C  [DNSAPI.dll+0x7e6c]
C  [DNSAPI.dll+0x7e2c]
C  [DNSAPI.dll+0x7da6]
C  [mswsock.dll+0xa05c]
C  [mswsock.dll+0xa27f]
C  [WS2_32.dll+0x32b0]
C  [WS2_32.dll+0x3290]
C  [WS2_32.dll+0x325a]
C  [WS2_32.dll+0x31f8]
C  [WS2_32.dll+0x5af0]
C  [WS2_32.dll+0x55e8]
C  [WS2_32.dll+0x54f0]
C  [libmwservices.dll+0xfae4b]
C  [libmwservices.dll+0xffbe0]
C  [libmwservices.dll+0xca559]
C  [libmwservices.dll+0xc7fa5]
C  [libmwservices.dll+0xc756b]
C  [libmwservices.dll+0xc72c0]
C  [libmwservices.dll+0x8fa7]
C  [libmwservices.dll+0x9199]
C  [nativejmi.dll+0xbe57]
C  [nativejmi.dll+0x6f03]
C  [nativejmi.dll+0x6f83]
v  ~BufferBlob::Interpreter
v  ~BufferBlob::Interpreter
v  ~BufferBlob::Interpreter
v  ~BufferBlob::Interpreter
v  ~BufferBlob::Interpreter
v  ~BufferBlob::Interpreter
J  com.mathworks.jmi.NativeMatlab.dispatchMTRequests(Z)V
v  ~BufferBlob::StubRoutines (1)

Java frames: (J=compiled Java code, j=interpreted, Vv=VM code)
v  ~BufferBlob::Interpreter
v  ~BufferBlob::Interpreter
v  ~BufferBlob::Interpreter
v  ~BufferBlob::Interpreter
v  ~BufferBlob::Interpreter
v  ~BufferBlob::Interpreter
J  com.mathworks.jmi.NativeMatlab.dispatchMTRequests(Z)V
v  ~BufferBlob::StubRoutines (1)

---------------  P R O C E S S  ---------------

Java Threads: ( => current thread )
  0x0bf4e400 JavaThread "Image Fetcher 1" daemon [_thread_blocked, id=1712, stack(0x03df0000,0x03e70000)]
  0x0bf68800 JavaThread "Image Fetcher 0" daemon [_thread_blocked, id=216, stack(0x03cf0000,0x03d70000)]
  0x0b9e0400 JavaThread "Thread-743" [_thread_in_native, id=3236, stack(0x1ffd0000,0x207d0000)]
  0x0bdb6000 JavaThread "Thread-742" [_thread_blocked, id=3904, stack(0x0e530000,0x0e5b0000)]
  0x0bcd0400 JavaThread "Thread-740" [_thread_blocked, id=1956, stack(0x0e4b0000,0x0e530000)]
  0x0bac6400 JavaThread "Thread-722" [_thread_blocked, id=632, stack(0x0ce40000,0x0cec0000)]
  0x0aabdc00 JavaThread "Timer-MWTextView caret" [_thread_blocked, id=3656, stack(0x03d70000,0x03df0000)]
  0x0b92dc00 JavaThread "Thread-37" [_thread_blocked, id=4088, stack(0x0b680000,0x0b700000)]
  0x0ba15400 JavaThread "Active Reference Queue Daemon" daemon [_thread_blocked, id=996, stack(0x1f090000,0x1f110000)]
  0x0aa80800 JavaThread "Timer-15" daemon [_thread_blocked, id=2232, stack(0x1f010000,0x1f090000)]
  0x0ab94800 JavaThread "Prefs Updater" [_thread_blocked, id=2440, stack(0x0dba0000,0x0dc20000)]
  0x0ab8a000 JavaThread "Timer-4" daemon [_thread_blocked, id=2720, stack(0x0db20000,0x0dba0000)]
  0x0ac58c00 JavaThread "Timer-1" [_thread_blocked, id=3916, stack(0x0c8a0000,0x0c920000)]
  0x0a87e800 JavaThread "TimerQueue" daemon [_thread_blocked, id=3788, stack(0x0b5d0000,0x0b650000)]
  0x0a80b800 JavaThread "AWT-EventQueue-0" [_thread_blocked, id=3692, stack(0x0b530000,0x0b5b0000)]
  0x0632e800 JavaThread "AWT-Shutdown" [_thread_blocked, id=2664, stack(0x0b4b0000,0x0b530000)]
  0x0a73e000 JavaThread "Timer-0" [_thread_blocked, id=1500, stack(0x0aea0000,0x0af20000)]
  0x0a574800 JavaThread "AWT-Windows" daemon [_thread_in_native, id=1856, stack(0x0ae00000,0x0ae80000)]
  0x0a69b800 JavaThread "Java2D Disposer" daemon [_thread_blocked, id=112, stack(0x0ad00000,0x0ad80000)]
  0x06383c00 JavaThread "JMI Unnamed Thread" [_thread_in_native, id=1044, stack(0x02fd0000,0x037d0000)]
  0x06333400 JavaThread "Low Memory Detector" daemon [_thread_blocked, id=2212, stack(0x09670000,0x096f0000)]
  0x06320c00 JavaThread "CompilerThread0" daemon [_thread_blocked, id=2296, stack(0x08e70000,0x09670000)]
  0x0631fc00 JavaThread "Attach Listener" daemon [_thread_blocked, id=2264, stack(0x08df0000,0x08e70000)]
  0x0630f800 JavaThread "Finalizer" daemon [_thread_blocked, id=2184, stack(0x08d70000,0x08df0000)]
  0x0630b400 JavaThread "Reference Handler" daemon [_thread_blocked, id=2180, stack(0x08cf0000,0x08d70000)]
=>0x060ac800 JavaThread "main" [_thread_in_native, id=3000, stack(0x00430000,0x00c30000)]

Other Threads:
  0x06306800 VMThread [stack: 0x084f0000,0x08cf0000] [id=2176]
  0x0633cc00 WatcherThread [stack: 0x096f0000,0x09ef0000] [id=3476]

VM state:not at safepoint (normal execution)

VM Mutex/Monitor currently owned by a thread: None

Heap
 def new generation   total 29504K, used 20753K [0x10010000, 0x12010000, 0x12010000)
  eden space 26240K,  72% used [0x10010000, 0x112b6148, 0x119b0000)
  from space 3264K,  50% used [0x119b0000, 0x11b4e598, 0x11ce0000)
  to   space 3264K,   0% used [0x11ce0000, 0x11ce0000, 0x12010000)
 tenured generation   total 98304K, used 82686K [0x12010000, 0x18010000, 0x18010000)
   the space 98304K,  84% used [0x12010000, 0x170cf9f8, 0x170cfa00, 0x18010000)
 compacting perm gen  total 39680K, used 39454K [0x18010000, 0x1a6d0000, 0x1c010000)
   the space 39680K,  99% used [0x18010000, 0x1a697b48, 0x1a697c00, 0x1a6d0000)
No shared spaces configured.

Dynamic libraries:
0x00400000 - 0x0042f000 	C:\MATLAB\R2009a\bin\win32\MATLAB.exe
0x7c900000 - 0x7c9b2000 	C:\WINDOWS\system32\ntdll.dll
0x7c800000 - 0x7c8f6000 	C:\WINDOWS\system32\kernel32.dll
0x7b280000 - 0x7b34a000 	C:\MATLAB\R2009a\bin\win32\libut.dll
0x76c90000 - 0x76cb8000 	C:\WINDOWS\system32\imagehlp.dll
0x77dd0000 - 0x77e6b000 	C:\WINDOWS\system32\ADVAPI32.dll
0x77e70000 - 0x77f03000 	C:\WINDOWS\system32\RPCRT4.dll
0x77fe0000 - 0x77ff1000 	C:\WINDOWS\system32\Secur32.dll
0x77c10000 - 0x77c68000 	C:\WINDOWS\system32\msvcrt.dll
0x76bf0000 - 0x76bfb000 	C:\WINDOWS\system32\PSAPI.DLL
0x7bba0000 - 0x7bbbf000 	C:\MATLAB\R2009a\bin\win32\LIBEXPAT.dll
0x78130000 - 0x781cb000 	C:\WINDOWS\WinSxS\x86_Microsoft.VC80.CRT_1fc8b3b9a1e18e3b_8.0.50727.6195_x-ww_44262b86\MSVCR80.dll
0x7b6b0000 - 0x7b791000 	C:\MATLAB\R2009a\bin\win32\icuuc38.dll
0x7ad90000 - 0x7ad94000 	C:\MATLAB\R2009a\bin\win32\icudt38.dll
0x7ada0000 - 0x7adac000 	C:\MATLAB\R2009a\bin\win32\icuio38.dll
0x7afe0000 - 0x7b0c4000 	C:\MATLAB\R2009a\bin\win32\icuin38.dll
0x7c420000 - 0x7c4a7000 	C:\WINDOWS\WinSxS\x86_Microsoft.VC80.CRT_1fc8b3b9a1e18e3b_8.0.50727.6195_x-ww_44262b86\MSVCP80.dll
0x7e410000 - 0x7e4a1000 	C:\WINDOWS\system32\USER32.dll
0x77f10000 - 0x77f59000 	C:\WINDOWS\system32\GDI32.dll
0x782e0000 - 0x78317000 	C:\MATLAB\R2009a\bin\win32\libmwfl.dll
0x10000000 - 0x1000e000 	C:\MATLAB\R2009a\bin\win32\boost_date_time-vc80-mt-1_36.dll
0x002b0000 - 0x002c0000 	C:\MATLAB\R2009a\bin\win32\boost_signals-vc80-mt-1_36.dll
0x002d0000 - 0x002d7000 	C:\MATLAB\R2009a\bin\win32\boost_system-vc80-mt-1_36.dll
0x002f0000 - 0x002fc000 	C:\MATLAB\R2009a\bin\win32\boost_thread-vc80-mt-1_36.dll
0x7b3b0000 - 0x7b59a000 	C:\MATLAB\R2009a\bin\win32\libmwservices.dll
0x7b350000 - 0x7b3aa000 	C:\MATLAB\R2009a\bin\win32\libmx.dll
0x787a0000 - 0x787b3000 	C:\MATLAB\R2009a\bin\win32\zlib1.dll
0x7b5a0000 - 0x7b6af000 	C:\MATLAB\R2009a\bin\win32\libmwmathutil.dll
0x79510000 - 0x79543000 	C:\MATLAB\R2009a\bin\win32\mpath.dll
0x00350000 - 0x0037f000 	C:\MATLAB\R2009a\bin\win32\mlutil.dll
0x00390000 - 0x003c9000 	C:\MATLAB\R2009a\bin\win32\tbb.dll
0x00c30000 - 0x00cca000 	C:\WINDOWS\system32\COMCTL32.dll
0x763b0000 - 0x763f9000 	C:\WINDOWS\system32\comdlg32.dll
0x7c9c0000 - 0x7d1d7000 	C:\WINDOWS\system32\SHELL32.dll
0x77f60000 - 0x77fd6000 	C:\WINDOWS\system32\SHLWAPI.dll
0x00cd0000 - 0x00d25000 	C:\WINDOWS\system32\NETAPI32.dll
0x71ab0000 - 0x71ac7000 	C:\WINDOWS\system32\WS2_32.dll
0x71aa0000 - 0x71aa8000 	C:\WINDOWS\system32\WS2HELP.dll
0x79a80000 - 0x79ad3000 	C:\MATLAB\R2009a\bin\win32\mcr.dll
0x7adb0000 - 0x7adeb000 	C:\MATLAB\R2009a\bin\win32\iqm.dll
0x7a080000 - 0x7a558000 	C:\MATLAB\R2009a\bin\win32\m_interpreter.dll
0x7ae00000 - 0x7ae0c000 	C:\MATLAB\R2009a\bin\win32\libmex.dll
0x79960000 - 0x799b7000 	C:\MATLAB\R2009a\bin\win32\m_dispatcher.dll
0x78670000 - 0x7868c000 	C:\MATLAB\R2009a\bin\win32\datasvcs.dll
0x78df0000 - 0x78fb2000 	C:\MATLAB\R2009a\bin\win32\xerces-c_2_7.dll
0x00d70000 - 0x00e0d000 	C:\MATLAB\R2009a\bin\win32\boost_regex-vc80-mt-1_36.dll
0x79870000 - 0x798c7000 	C:\MATLAB\R2009a\bin\win32\profiler.dll
0x7ae60000 - 0x7ae7e000 	C:\MATLAB\R2009a\bin\win32\libmwmathrng.dll
0x78720000 - 0x78732000 	C:\MATLAB\R2009a\bin\win32\m_pcodeio.dll
0x794d0000 - 0x79507000 	C:\MATLAB\R2009a\bin\win32\m_ir.dll
0x79b60000 - 0x7a077000 	C:\MATLAB\R2009a\bin\win32\m_parser.dll
0x7adf0000 - 0x7adfe000 	C:\MATLAB\R2009a\bin\win32\ir_xfmr.dll
0x78320000 - 0x78468000 	C:\MATLAB\R2009a\bin\win32\mcos.dll
0x7aea0000 - 0x7aeaa000 	C:\MATLAB\R2009a\bin\win32\mtok.dll
0x78700000 - 0x78716000 	C:\MATLAB\R2009a\bin\win32\m_pcodegen.dll
0x78650000 - 0x7866b000 	C:\MATLAB\R2009a\bin\win32\bridge.dll
0x7aae0000 - 0x7ab64000 	C:\MATLAB\R2009a\bin\win32\udd.dll
0x7b7a0000 - 0x7b89b000 	C:\MATLAB\R2009a\bin\win32\libmwgui.dll
0x78800000 - 0x789f1000 	C:\MATLAB\R2009a\bin\win32\hg.dll
0x78690000 - 0x786b2000 	C:\MATLAB\R2009a\bin\win32\libmat.dll
0x7b0d0000 - 0x7b275000 	C:\MATLAB\R2009a\bin\win32\libhdf5.dll
0x793e0000 - 0x7941e000 	C:\MATLAB\R2009a\bin\win32\jmi.dll
0x790f0000 - 0x7911c000 	C:\MATLAB\R2009a\bin\win32\libmwhardcopy.dll
0x79490000 - 0x794c7000 	C:\MATLAB\R2009a\bin\win32\libuij.dll
0x78d50000 - 0x78de5000 	C:\MATLAB\R2009a\bin\win32\libmwmathlinalg.dll
0x78a60000 - 0x78d42000 	C:\MATLAB\R2009a\bin\win32\libmwmathelem.dll
0x78a00000 - 0x78a52000 	C:\MATLAB\R2009a\bin\win32\libmwmathcore.dll
0x798d0000 - 0x79917000 	C:\MATLAB\R2009a\bin\win32\libmwcholmod.dll
0x7ae10000 - 0x7ae1a000 	C:\MATLAB\R2009a\bin\win32\libmwamd.dll
0x7ae40000 - 0x7ae49000 	C:\MATLAB\R2009a\bin\win32\libmwcolamd.dll
0x7ae30000 - 0x7ae3d000 	C:\MATLAB\R2009a\bin\win32\libmwblas.dll
0x7ae20000 - 0x7ae2c000 	C:\MATLAB\R2009a\bin\win32\libmwbinder.dll
0x786c0000 - 0x786f8000 	C:\MATLAB\R2009a\bin\win32\libmwlapack.dll
0x00fd0000 - 0x01005000 	C:\MATLAB\R2009a\bin\win32\libmwrookfastbp.dll
0x79120000 - 0x7915c000 	C:\MATLAB\R2009a\bin\win32\libmwma57.dll
0x7aef0000 - 0x7afd9000 	C:\MATLAB\R2009a\bin\win32\libifcoremd.dll
0x79550000 - 0x79813000 	C:\MATLAB\R2009a\bin\win32\libmmd.dll
0x7ae50000 - 0x7ae5c000 	C:\MATLAB\R2009a\bin\win32\libmwcsparse.dll
0x79a20000 - 0x79a73000 	C:\MATLAB\R2009a\bin\win32\libmwumfpack.dll
0x01050000 - 0x010f7000 	C:\MATLAB\R2009a\bin\win32\hgdatatypes.dll
0x7ab70000 - 0x7ad89000 	C:\MATLAB\R2009a\bin\win32\uiw.dll
0x7aee0000 - 0x7aee9000 	C:\MATLAB\R2009a\bin\win32\uinone.dll
0x781d0000 - 0x782df000 	C:\WINDOWS\WinSxS\x86_Microsoft.VC80.MFC_1fc8b3b9a1e18e3b_8.0.50727.6195_x-ww_150c9e8b\MFC80.DLL
0x73000000 - 0x73026000 	C:\WINDOWS\system32\WINSPOOL.DRV
0x774e0000 - 0x7761e000 	C:\WINDOWS\system32\ole32.dll
0x77120000 - 0x771ab000 	C:\WINDOWS\system32\OLEAUT32.dll
0x79ae0000 - 0x79b55000 	C:\MATLAB\R2009a\bin\win32\udd_mi.dll
0x78740000 - 0x78753000 	C:\MATLAB\R2009a\bin\win32\mwoles05.DLL
0x79820000 - 0x79864000 	C:\MATLAB\R2009a\bin\win32\comcli.dll
0x7c630000 - 0x7c64b000 	C:\WINDOWS\WinSxS\x86_Microsoft.VC80.ATL_1fc8b3b9a1e18e3b_8.0.50727.6195_x-ww_a4c618fa\ATL80.DLL
0x7ae90000 - 0x7ae9b000 	C:\MATLAB\R2009a\bin\win32\mlautoregister.dll
0x76390000 - 0x763ad000 	C:\WINDOWS\system32\IMM32.DLL
0x01480000 - 0x01489000 	C:\WINDOWS\system32\LPK.DLL
0x74d90000 - 0x74dfb000 	C:\WINDOWS\system32\USP10.dll
0x773d0000 - 0x774d3000 	C:\WINDOWS\WinSxS\x86_Microsoft.Windows.Common-Controls_6595b64144ccf1df_6.0.2600.6028_x-ww_61e65202\comctl32.dll
0x02440000 - 0x0244e000 	C:\WINDOWS\WinSxS\x86_Microsoft.VC80.MFCLOC_1fc8b3b9a1e18e3b_8.0.50727.6195_x-ww_6a5bb789\MFC80ENU.DLL
0x02f20000 - 0x02f58000 	C:\WINDOWS\system32\uxtheme.dll
0x755c0000 - 0x755ee000 	C:\WINDOWS\system32\msctfime.ime
0x74290000 - 0x74294000 	C:\WINDOWS\system32\icmp.Dll
0x76d60000 - 0x76d79000 	C:\WINDOWS\system32\iphlpapi.dll
0x71a50000 - 0x71a8f000 	C:\WINDOWS\System32\mswsock.dll
0x76f20000 - 0x76f47000 	C:\WINDOWS\system32\DNSAPI.dll
0x76fb0000 - 0x76fb8000 	C:\WINDOWS\System32\winrnr.dll
0x76f60000 - 0x76f8c000 	C:\WINDOWS\system32\WLDAP32.dll
0x76fc0000 - 0x76fc6000 	C:\WINDOWS\system32\rasadhlp.dll
0x037e0000 - 0x03838000 	C:\WINDOWS\system32\hnetcfg.dll
0x71a90000 - 0x71a98000 	C:\WINDOWS\System32\wshtcpip.dll
0x79190000 - 0x793e0000 	C:\MATLAB\R2009a\sys\java\jre\win32\jre\bin\client\jvm.dll
0x76b40000 - 0x76b6d000 	C:\WINDOWS\system32\WINMM.dll
0x06040000 - 0x06096000 	C:\MATLAB\R2009a\bin\win32\MSVCR71.dll
0x060b0000 - 0x06151000 	C:\WINDOWS\system32\DBGHELP.dll
0x77c00000 - 0x77c08000 	C:\WINDOWS\system32\VERSION.dll
0x79920000 - 0x79928000 	C:\MATLAB\R2009a\sys\java\jre\win32\jre\bin\hpi.dll
0x79940000 - 0x7994c000 	C:\MATLAB\R2009a\sys\java\jre\win32\jre\bin\verify.dll
0x787c0000 - 0x787df000 	C:\MATLAB\R2009a\sys\java\jre\win32\jre\bin\java.dll
0x79950000 - 0x7995f000 	C:\MATLAB\R2009a\sys\java\jre\win32\jre\bin\zip.dll
0x78fc0000 - 0x790ee000 	C:\MATLAB\R2009a\sys\java\jre\win32\jre\bin\awt.dll
0x78760000 - 0x78778000 	C:\MATLAB\R2009a\bin\win32\nativejava.dll
0x78780000 - 0x7879d000 	C:\MATLAB\R2009a\bin\win32\nativejmi.dll
0x7aed0000 - 0x7aed6000 	C:\MATLAB\R2009a\bin\win32\nativeservices.dll
0x799c0000 - 0x79a13000 	C:\MATLAB\R2009a\sys\java\jre\win32\jre\bin\fontmanager.dll
0x787e0000 - 0x787f3000 	C:\MATLAB\R2009a\sys\java\jre\win32\jre\bin\net.dll
0x79930000 - 0x79939000 	C:\MATLAB\R2009a\sys\java\jre\win32\jre\bin\nio.dll
0x0b5b0000 - 0x0b5b6000 	C:\MATLAB\R2009a\bin\win32\nativelmgr.dll
0x0b650000 - 0x0b674000 	C:\MATLAB\R2009a\sys\java\jre\win32\jre\bin\jpeg.dll
0x0b700000 - 0x0b890000 	C:\MATLAB\R2009a\bin\win32\instutil.dll
0x77b40000 - 0x77b62000 	C:\WINDOWS\system32\appHelp.dll
0x76fd0000 - 0x7704f000 	C:\WINDOWS\system32\CLBCATQ.DLL

VM Arguments:
jvm_args: -Xss512k -XX:PermSize=32m -Xms64m -XX:NewRatio=3 -XX:MaxPermSize=64m -Xmx128m -XX:MaxDirectMemorySize=1200000000 -Dsun.java2d.noddraw=true -Dsun.awt.nopixfmt=true -Xshare:off -Xrs -Djava.library.path=C:\MATLAB\R2009a\bin\win32;C:\Xilinx\12.3\ISE_DS\ISE\sysgen\bin;C:\Xilinx\12.3\ISE_DS\ISE\sysgen\bin\nt vfprintf abort 
java_command: <unknown>
Launcher Type: generic

Environment Variables:
PATH=C:\MATLAB\R2009a\sys\java\jre\win32\jre\bin;C:\MATLAB\R2009a\sys\webrenderer\windows\corecomponents;C:\MATLAB\R2009a\sys\webrenderer\windows;C:\WinAVR-20090313\bin;C:\WinAVR-20090313\utils\bin;C:\Program Files\GnuWin32\bin;C:\WINDOWS\system32;C:\WINDOWS;C:\WINDOWS\System32\Wbem;C:\Program Files\Intel\DMIX;C:\Cadence\SPB_16.3\tools\bin;C:\Cadence\SPB_16.3\tools\libutil\bin;C:\Cadence\SPB_16.3\tools\fet\bin;C:\Cadence\SPB_16.3\tools\pcb\bin;C:\Cadence\SPB_16.3\tools\specctra\bin;C:\Cadence\SPB_16.3\tools\PSpice;C:\Cadence\SPB_16.3\tools\PSpice\Library;C:\Cadence\SPB_16.3\tools\Capture;C:\Cadence\SPB_16.3\OpenAccess\bin\win32\opt;C:\Program Files\TortoiseSVN\bin;C:\MATLAB\R2009a\bin;C:\MATLAB\R2009a\bin\win32;C:\MENTOR~1\LICENS~1;C:\WINDOWS\system32\WindowsPowerShell\v1.0;C:\altera\10.1\quartus\bin
USERNAME=s30060325
OS=Windows_NT
PROCESSOR_IDENTIFIER=x86 Family 15 Model 4 Stepping 1, GenuineIntel



---------------  S Y S T E M  ---------------

OS: Windows XP Build 2600 Service Pack 3

CPU:total 1 (1 cores per cpu, 1 threads per core) family 15 model 4 stepping 1, cmov, cx8, fxsr, mmx, sse, sse2, sse3

Memory: 4k page, physical 1039804k(315932k free), swap 3036488k(2268272k free)

vm_info: Java HotSpot(TM) Client VM (10.0-b19) for windows-x86 JRE (1.6.0_04-b12), built on Dec 14 2007 00:51:20 by "java_re" with MS VC++ 7.1

time: Tue Jul 31 16:20:24 2012
elapsed time: 5675 seconds

